config file doesnot exist
config file doesnot exist
config file doesnot exist
Not a valid image: /home/boban/sandboxx/indexprint_2/images/gradient_burnished_300w.jpg
Not a valid image: /home/boban/sandboxx/indexprint_2/images/gradient_grassland_300w.jpg
Not a valid image: /home/boban/sandboxx/indexprint_2/images/gradient_ice-sea_300w.jpg
Not a valid image: /home/boban/sandboxx/indexprint_2/images/gradient_range1_300w.jpg
Not a valid image: /home/boban/sandboxx/indexprint_2/images/gradient_range2_300w.jpg
Not a valid image: /home/boban/sandboxx/indexprint_2/images/gradient_range3_300w.jpg
Not a valid image: /home/boban/sandboxx/indexprint_2/images/gradient_range4_300w.jpg
Not a valid image: /home/boban/sandboxx/indexprint_2/images/gradient_range5_300w.jpg
Not a valid image: /home/boban/sandboxx/indexprint_2/images/gradient_snow_scape_300w.jpg
Not a valid image: /home/boban/sandboxx/indexprint_2/images/gradient_sunset_300w.jpg
Not a valid image: /home/boban/sandboxx/indexprint_2/images/gradient_burnished_300w.jpg
Not a valid image: /home/boban/sandboxx/indexprint_2/images/gradient_grassland_300w.jpg
Not a valid image: /home/boban/sandboxx/indexprint_2/images/gradient_ice-sea_300w.jpg
Not a valid image: /home/boban/sandboxx/indexprint_2/images/gradient_range1_300w.jpg
Not a valid image: /home/boban/sandboxx/indexprint_2/images/gradient_range2_300w.jpg
Not a valid image: /home/boban/sandboxx/indexprint_2/images/gradient_range3_300w.jpg
Not a valid image: /home/boban/sandboxx/indexprint_2/images/gradient_range4_300w.jpg
Not a valid image: /home/boban/sandboxx/indexprint_2/images/gradient_range5_300w.jpg
Not a valid image: /home/boban/sandboxx/indexprint_2/images/gradient_snow_scape_300w.jpg
Not a valid image: /home/boban/sandboxx/indexprint_2/images/gradient_sunset_300w.jpg
Not a valid image: /home/boban/sandboxx/indexprint_2/images/gradient_burnished_300w.jpg
Not a valid image: /home/boban/sandboxx/indexprint_2/images/gradient_grassland_300w.jpg
Not a valid image: /home/boban/sandboxx/indexprint_2/images/gradient_ice-sea_300w.jpg
Not a valid image: /home/boban/sandboxx/indexprint_2/images/gradient_range1_300w.jpg
Not a valid image: /home/boban/sandboxx/indexprint_2/images/gradient_range2_300w.jpg
Not a valid image: /home/boban/sandboxx/indexprint_2/images/gradient_range3_300w.jpg
Not a valid image: /home/boban/sandboxx/indexprint_2/images/gradient_range4_300w.jpg
Not a valid image: /home/boban/sandboxx/indexprint_2/images/gradient_range5_300w.jpg
Not a valid image: /home/boban/sandboxx/indexprint_2/images/gradient_snow_scape_300w.jpg
Not a valid image: /home/boban/sandboxx/indexprint_2/images/gradient_sunset_300w.jpg
